0 info it worked if it ends with ok
1 verbose cli [ 'node', '/usr/local/bin/npm', 'start' ]
2 info using npm@2.0.0-beta.2
3 info using node@v0.10.25
4 verbose run-script [ 'prestart', 'start', 'poststart' ]
5 info prestart hellokoa-socket@1.0.0
6 info start hellokoa-socket@1.0.0
7 verbose unsafe-perm in lifecycle true
8 info hellokoa-socket@1.0.0 Failed to exec start script
9 error hellokoa-socket@1.0.0 start: `./bin/start`
9 error Exit status 1
10 error Failed at the hellokoa-socket@1.0.0 start script.
10 error This is most likely a problem with the hellokoa-socket package,
10 error not with npm itself.
10 error Tell the author that this fails on your system:
10 error     ./bin/start
10 error You can get their info via:
10 error     npm owner ls hellokoa-socket
10 error There is likely additional logging output above.
11 error System Darwin 12.5.0
12 error command "node" "/usr/local/bin/npm" "start"
13 error cwd /Users/mstyles/myProjects/playground/koa/hellokoa-socket
14 error node -v v0.10.25
15 error npm -v 2.0.0-beta.2
16 error code ELIFECYCLE
17 verbose exit [ 1, true ]
